Build started 11/8/2015 2:13:36 PM.
     1>Project "G:\My Documents\Visual Studio 2013\Projects\RiskVS2010\RiskVS2010\RiskVS2010.vcxproj" on node 2 (Build target(s)).
     1>ClCompile:
         C:\Program Files (x86)\Microsoft Visual Studio 12.0\VC\bin\CL.exe /c /ZI /nologo /W3 /WX- /sdl /Od /Oy- /D WIN32 /D _DEBUG /D _CONSOLE /D _LIB /D _UNICODE /D UNICODE /Gm /EHsc /RTC1 /MDd /GS /fp:precise /Zc:wchar_t /Zc:forScope /Yu"stdafx.h" /Fp"Debug\RiskVS2010.pch" /Fo"Debug\\" /Fd"Debug\vc120.pdb" /Gd /TP /analyze- /errorReport:prompt MapIni.cpp
         MapIni.cpp
       Link:
         C:\Program Files (x86)\Microsoft Visual Studio 12.0\VC\bin\link.exe /ERRORREPORT:PROMPT /OUT:"G:\My Documents\Visual Studio 2013\Projects\RiskVS2010\Debug\RiskVS2010.exe" /INCREMENTAL /NOLOGO kernel32.lib user32.lib gdi32.lib winspool.lib comdlg32.lib advapi32.lib shell32.lib ole32.lib oleaut32.lib uuid.lib odbc32.lib odbccp32.lib /MANIFEST /MANIFESTUAC:"level='asInvoker' uiAccess='false'" /manifest:embed /DEBUG /PDB:"G:\My Documents\Visual Studio 2013\Projects\RiskVS2010\Debug\RiskVS2010.pdb" /SUBSYSTEM:CONSOLE /TLBID:1 /DYNAMICBASE /NXCOMPAT /IMPLIB:"G:\My Documents\Visual Studio 2013\Projects\RiskVS2010\Debug\RiskVS2010.lib" /MACHINE:X86 Debug\Battle.obj
         Debug\BattleHelper.obj
         Debug\BattlingEntity.obj
         Debug\Continent.obj
         Debug\Country.obj
         Debug\Dice.obj
         Debug\Driver.obj
         Debug\IniParser.obj
         Debug\IniWriter.obj
         Debug\MainPhase.obj
         Debug\MapIni.obj
         Debug\Observer.obj
         Debug\Player.obj
         Debug\PlayerView.obj
         Debug\StartupPhase.obj
         Debug\stdafx.obj
         Debug\Subject.obj
         Debug\TerritoryNode.obj
         Debug\World.obj
     1>Battle.obj : error LNK2019: unresolved external symbol "public: class std::vector<class Country *,class std::allocator<class Country *> > __thiscall MapIni::getAdjacentCountriesOfOtherPlayers(class Country *,class Player &)" (?getAdjacentCountriesOfOtherPlayers@MapIni@@QAE?AV?$vector@PAVCountry@@V?$allocator@PAVCountry@@@std@@@std@@PAVCountry@@AAVPlayer@@@Z) referenced in function "public: void __thiscall Battle::performAttack(class Player &,class MapIni *)" (?performAttack@Battle@@QAEXAAVPlayer@@PAVMapIni@@@Z)
     1>G:\My Documents\Visual Studio 2013\Projects\RiskVS2010\Debug\RiskVS2010.exe : fatal error LNK1120: 1 unresolved externals
     1>Done Building Project "G:\My Documents\Visual Studio 2013\Projects\RiskVS2010\RiskVS2010\RiskVS2010.vcxproj" (Build target(s)) -- FAILED.

Build FAILED.

Time Elapsed 00:00:08.20
